Arguments: 
  /Users/emanuel/.nvm/versions/node/v16.15.1/bin/node /usr/local/bin/yarn install

PATH: 
  /Users/emanuel/miniconda3/bin:/Users/emanuel/miniconda3/condabin:/Users/emanuel/.opam/default/bin:/Users/emanuel/.nvm/versions/node/v16.15.1/bin:/opt/homebrew/bin:/opt/homebrew/sbin:/usr/local/bin:/usr/bin:/bin:/usr/sbin:/sbin:/Users/emanuel/.cargo/bin:/Users/emanuel/.foundry/bin

Yarn version: 
  1.22.17

Node version: 
  16.15.1

Platform: 
  darwin arm64

Trace: 
  Error: https://registry.yarnpkg.com/lintstagedrc: Not found
      at Request.params.callback [as _callback] (/usr/local/lib/node_modules/yarn/lib/cli.js:67029:18)
      at Request.self.callback (/usr/local/lib/node_modules/yarn/lib/cli.js:140883:22)
      at Request.emit (node:events:527:28)
      at Request.<anonymous> (/usr/local/lib/node_modules/yarn/lib/cli.js:141855:10)
      at Request.emit (node:events:527:28)
      at IncomingMessage.<anonymous> (/usr/local/lib/node_modules/yarn/lib/cli.js:141777:12)
      at Object.onceWrapper (node:events:641:28)
      at IncomingMessage.emit (node:events:539:35)
      at endReadableNT (node:internal/streams/readable:1345:12)
      at processTicksAndRejections (node:internal/process/task_queues:83:21)

npm manifest: 
  {
    "name": "contract",
    "version": "1.0.0",
    "main": "index.js",
    "license": "MIT",
    "scripts": {
      "es": "node -r esbuild-register",
      "rpc": "npx ganache-cli",
      "build": "pnpm run clean && pnpm hardhat compile && node ./scripts/copy.js",
      "clean": "rm -rf cache && rm -rf types && rm -rf artifacts"
    },
    "devDependencies": {
      "@boringcrypto/boring-solidity": "boringcrypto/BoringSolidity",
      "@nomiclabs/hardhat-ethers": "^2.0.2",
      "@nomiclabs/hardhat-truffle5": "^2.0.3",
      "@nomiclabs/hardhat-waffle": "^2.0.1",
      "@nomiclabs/hardhat-web3": "^2.0.0",
      "@openzeppelin/test-helpers": "^0.5.15",
      "@typechain/ethers-v5": "^9.0.0",
      "@typechain/hardhat": "^4.0.0",
      "@types/chai": "^4.3.0",
      "@types/mocha": "^9.1.0",
      "@types/node": "^17.0.19",
      "chai": "^4.3.4",
      "dotenv": "^16.0.0",
      "esbuild": "^0.14.8",
      "eslint-preset": "workspace:*",
      "ethereum-waffle": "^3.4.0",
      "ethers": "^5.4.6",
      "hardhat": "^2.6.4",
      "hardhat-gas-reporter": "^1.0.8",
      "lint-staged": "^12.3.5",
      "lintstagedrc": "workspace:*",
      "prettier": "^2.5.1",
      "prettier-plugin-solidity": "^1.0.0-beta.19",
      "ts-node": "^10.5.0",
      "tsconfig": "workspace:*",
      "typechain": "^7.0.0",
      "typescript": "^4.5.5",
      "web3": "^1.6.1"
    },
    "dependencies": {
      "@chainlink/contracts": "^0.3.1",
      "@ethersproject/address": "5.7.0",
      "@nomiclabs/hardhat-etherscan": "^3.0.0",
      "@openzeppelin/contracts": "4.6.0",
      "@openzeppelin/hardhat-upgrades": "^1.10.0",
      "@uniswap/v3-core": "1.0.1",
      "@uniswap/v3-periphery": "1.4.1",
      "esbuild-register": "^3.2.1",
      "fs-extra": "^10.1.0",
      "ganache-cli": "^6.12.2",
      "keccak256": "^1.0.6",
      "merkletreejs": "^0.2.27"
    }
  }

yarn manifest: 
  No manifest

Lockfile: 
  No lockfile
